  [1m[35m (117.7ms)[0m  [1m[35mCREATE DATABASE "fantasy_houses_development" ENCODING = 'unicode'[0m
  [1m[35m (137.8ms)[0m  [1m[35mCREATE DATABASE "fantasy_houses_test" ENCODING = 'unicode'[0m
Started GET "/" for ::1 at 2020-01-23 13:10:58 -0500
Processing by Rails::WelcomeController#index as HTML
  Rendering /Users/b/.rbenv/versions/2.6.5/lib/ruby/gems/2.6.0/gems/railties-5.2.4.1/lib/rails/templates/rails/welcome/index.html.erb
  Rendered /Users/b/.rbenv/versions/2.6.5/lib/ruby/gems/2.6.0/gems/railties-5.2.4.1/lib/rails/templates/rails/welcome/index.html.erb (4.2ms)
Completed 200 OK in 11ms (Views: 8.4ms | ActiveRecord: 0.0ms)


  [1m[35m (12.8ms)[0m  [1m[35mCREATE TABLE "schema_migrations" ("version" character varying NOT NULL PRIMARY KEY)[0m
  [1m[35m (4.5ms)[0m  [1m[35mCREATE TABLE "ar_internal_metadata" ("key" character varying NOT NULL PRIMARY KEY, "value" character varying, "created_at" timestamp NOT NULL, "updated_at" timestamp NOT NULL)[0m
  [1m[35m (0.4ms)[0m  [1m[34mSELECT pg_try_advisory_lock(8546372934869750190)[0m
  [1m[35m (0.9ms)[0m  [1m[34mSELECT "schema_migrations"."version" FROM "schema_migrations" ORDER BY "schema_migrations"."version" ASC[0m
Migrating to CreateHouses (20200123182403)
  [1m[35m (0.3ms)[0m  [1m[35mBEGIN[0m
  [1m[35m (17.5ms)[0m  [1m[35mCREATE TABLE "houses" ("id" bigserial primary key, "name" character varying NOT NULL, "author" character varying NOT NULL, "source" character varying NOT NULL, "motto" text, "created_at" timestamp NOT NULL, "updated_at" timestamp NOT NULL)[0m
  [1m[36mActiveRecord::SchemaMigration Create (0.7ms)[0m  [1m[32mINSERT INTO "schema_migrations" ("version") VALUES ($1) RETURNING "version"[0m  [["version", "20200123182403"]]
  [1m[35m (0.5ms)[0m  [1m[35mCOMMIT[0m
  [1m[36mActiveRecord::InternalMetadata Load (1.2ms)[0m  [1m[34mSELECT  "ar_internal_metadata".* FROM "ar_internal_metadata" WHERE "ar_internal_metadata"."key" = $1 LIMIT $2[0m  [["key", "environment"], ["LIMIT", 1]]
  [1m[35m (0.2ms)[0m  [1m[35mBEGIN[0m
  [1m[36mActiveRecord::InternalMetadata Create (0.7ms)[0m  [1m[32mINSERT INTO "ar_internal_metadata" ("key", "value", "created_at", "updated_at") VALUES ($1, $2, $3, $4) RETURNING "key"[0m  [["key", "environment"], ["value", "development"], ["created_at", "2020-01-23 18:25:57.039985"], ["updated_at", "2020-01-23 18:25:57.039985"]]
  [1m[35m (0.4ms)[0m  [1m[35mCOMMIT[0m
  [1m[35m (0.3ms)[0m  [1m[34mSELECT pg_advisory_unlock(8546372934869750190)[0m
  [1m[35m (0.7ms)[0m  [1m[34mSELECT "schema_migrations"."version" FROM "schema_migrations" ORDER BY "schema_migrations"."version" ASC[0m
  [1m[35m (1.4ms)[0m  [1m[34mSELECT "schema_migrations"."version" FROM "schema_migrations" ORDER BY "schema_migrations"."version" ASC[0m
  [1m[35m (0.3ms)[0m  [1m[34mSELECT "schema_migrations"."version" FROM "schema_migrations" ORDER BY "schema_migrations"."version" ASC[0m
  [1m[35m (0.3ms)[0m  [1m[34mSELECT "schema_migrations"."version" FROM "schema_migrations" ORDER BY "schema_migrations"."version" ASC[0m
  [1m[35m (0.8ms)[0m  [1m[34mSELECT pg_try_advisory_lock(8546372934869750190)[0m
  [1m[35m (0.5ms)[0m  [1m[34mSELECT "schema_migrations"."version" FROM "schema_migrations" ORDER BY "schema_migrations"."version" ASC[0m
Migrating to CreateHouses (20200123182403)
  [1m[35m (0.3ms)[0m  [1m[35mBEGIN[0m
  [1m[35m (5.0ms)[0m  [1m[35mDROP TABLE "houses"[0m
  [1m[36mActiveRecord::SchemaMigration Destroy (1.1ms)[0m  [1m[31mDELETE FROM "schema_migrations" WHERE "schema_migrations"."version" = $1[0m  [["version", "20200123182403"]]
  [1m[35m (2.0ms)[0m  [1m[35mCOMMIT[0m
  [1m[35m (0.4ms)[0m  [1m[34mSELECT pg_advisory_unlock(8546372934869750190)[0m
  [1m[35m (0.5ms)[0m  [1m[34mSELECT "schema_migrations"."version" FROM "schema_migrations" ORDER BY "schema_migrations"."version" ASC[0m
  [1m[35m (0.4ms)[0m  [1m[34mSELECT pg_try_advisory_lock(8546372934869750190)[0m
  [1m[35m (2.3ms)[0m  [1m[34mSELECT "schema_migrations"."version" FROM "schema_migrations" ORDER BY "schema_migrations"."version" ASC[0m
Migrating to CreateHouses (20200123182403)
  [1m[35m (0.2ms)[0m  [1m[35mBEGIN[0m
  [1m[35m (21.3ms)[0m  [1m[35mCREATE TABLE "houses" ("id" bigserial primary key, "name" character varying NOT NULL, "author" character varying NOT NULL, "source" character varying NOT NULL, "motto" text, "created_at" timestamp NOT NULL, "updated_at" timestamp NOT NULL)[0m
  [1m[36mActiveRecord::SchemaMigration Create (0.7ms)[0m  [1m[32mINSERT INTO "schema_migrations" ("version") VALUES ($1) RETURNING "version"[0m  [["version", "20200123182403"]]
  [1m[35m (0.7ms)[0m  [1m[35mCOMMIT[0m
  [1m[36mActiveRecord::InternalMetadata Load (2.0ms)[0m  [1m[34mSELECT  "ar_internal_metadata".* FROM "ar_internal_metadata" WHERE "ar_internal_metadata"."key" = $1 LIMIT $2[0m  [["key", "environment"], ["LIMIT", 1]]
  [1m[35m (0.3ms)[0m  [1m[35mBEGIN[0m
  [1m[35m (0.2ms)[0m  [1m[35mCOMMIT[0m
  [1m[35m (0.4ms)[0m  [1m[34mSELECT pg_advisory_unlock(8546372934869750190)[0m
  [1m[35m (0.4ms)[0m  [1m[34mSELECT "schema_migrations"."version" FROM "schema_migrations" ORDER BY "schema_migrations"."version" ASC[0m
  [1m[35m (0.3ms)[0m  [1m[34mSELECT pg_try_advisory_lock(8546372934869750190)[0m
  [1m[35m (1.9ms)[0m  [1m[34mSELECT "schema_migrations"."version" FROM "schema_migrations" ORDER BY "schema_migrations"."version" ASC[0m
Migrating to CreateMembers (20200123191246)
  [1m[35m (0.3ms)[0m  [1m[35mBEGIN[0m
  [1m[35m (18.3ms)[0m  [1m[35mCREATE TABLE "members" ("id" bigserial primary key, "first_name" character varying NOT NULL, "last_name" character varying NOT NULL, "house_id" bigint NOT NULL, "created_at" timestamp NOT NULL, "updated_at" timestamp NOT NULL)[0m
  [1m[35m (1.5ms)[0m  [1m[35mCREATE  INDEX  "index_members_on_house_id" ON "members"  ("house_id")[0m
  [1m[36mActiveRecord::SchemaMigration Create (0.7ms)[0m  [1m[32mINSERT INTO "schema_migrations" ("version") VALUES ($1) RETURNING "version"[0m  [["version", "20200123191246"]]
  [1m[35m (0.8ms)[0m  [1m[35mCOMMIT[0m
  [1m[36mActiveRecord::InternalMetadata Load (0.5ms)[0m  [1m[34mSELECT  "ar_internal_metadata".* FROM "ar_internal_metadata" WHERE "ar_internal_metadata"."key" = $1 LIMIT $2[0m  [["key", "environment"], ["LIMIT", 1]]
  [1m[35m (0.3ms)[0m  [1m[35mBEGIN[0m
  [1m[35m (0.3ms)[0m  [1m[35mCOMMIT[0m
  [1m[35m (0.6ms)[0m  [1m[34mSELECT pg_advisory_unlock(8546372934869750190)[0m
  [1m[35m (0.8ms)[0m  [1m[34mSELECT "schema_migrations"."version" FROM "schema_migrations" ORDER BY "schema_migrations"."version" ASC[0m
  [1m[35m (1.5ms)[0m  [1m[34mSELECT "schema_migrations"."version" FROM "schema_migrations" ORDER BY "schema_migrations"."version" ASC[0m
  [1m[35m (0.3ms)[0m  [1m[34mSELECT "schema_migrations"."version" FROM "schema_migrations" ORDER BY "schema_migrations"."version" ASC[0m
  [1m[35m (0.3ms)[0m  [1m[34mSELECT "schema_migrations"."version" FROM "schema_migrations" ORDER BY "schema_migrations"."version" ASC[0m
  [1m[35m (0.3ms)[0m  [1m[34mSELECT pg_try_advisory_lock(8546372934869750190)[0m
  [1m[35m (0.4ms)[0m  [1m[34mSELECT "schema_migrations"."version" FROM "schema_migrations" ORDER BY "schema_migrations"."version" ASC[0m
Migrating to CreateMembers (20200123191246)
  [1m[35m (0.3ms)[0m  [1m[35mBEGIN[0m
  [1m[35m (3.8ms)[0m  [1m[35mDROP TABLE "members"[0m
  [1m[36mActiveRecord::SchemaMigration Destroy (1.1ms)[0m  [1m[31mDELETE FROM "schema_migrations" WHERE "schema_migrations"."version" = $1[0m  [["version", "20200123191246"]]
  [1m[35m (6.1ms)[0m  [1m[35mCOMMIT[0m
  [1m[35m (1.1ms)[0m  [1m[34mSELECT pg_advisory_unlock(8546372934869750190)[0m
  [1m[35m (0.6ms)[0m  [1m[34mSELECT "schema_migrations"."version" FROM "schema_migrations" ORDER BY "schema_migrations"."version" ASC[0m
  [1m[35m (0.5ms)[0m  [1m[34mSELECT pg_try_advisory_lock(8546372934869750190)[0m
  [1m[35m (1.4ms)[0m  [1m[34mSELECT "schema_migrations"."version" FROM "schema_migrations" ORDER BY "schema_migrations"."version" ASC[0m
Migrating to CreateMembers (20200123191246)
  [1m[35m (0.3ms)[0m  [1m[35mBEGIN[0m
  [1m[35m (24.2ms)[0m  [1m[35mCREATE TABLE "members" ("id" bigserial primary key, "first_name" character varying NOT NULL, "last_name" character varying NOT NULL, "house_id" bigint NOT NULL, "created_at" timestamp NOT NULL, "updated_at" timestamp NOT NULL)[0m
  [1m[35m (1.3ms)[0m  [1m[35mCREATE  INDEX  "index_members_on_house_id" ON "members"  ("house_id")[0m
  [1m[36mActiveRecord::SchemaMigration Create (0.6ms)[0m  [1m[32mINSERT INTO "schema_migrations" ("version") VALUES ($1) RETURNING "version"[0m  [["version", "20200123191246"]]
  [1m[35m (0.7ms)[0m  [1m[35mCOMMIT[0m
  [1m[36mActiveRecord::InternalMetadata Load (1.4ms)[0m  [1m[34mSELECT  "ar_internal_metadata".* FROM "ar_internal_metadata" WHERE "ar_internal_metadata"."key" = $1 LIMIT $2[0m  [["key", "environment"], ["LIMIT", 1]]
  [1m[35m (0.3ms)[0m  [1m[35mBEGIN[0m
  [1m[35m (0.2ms)[0m  [1m[35mCOMMIT[0m
  [1m[35m (0.5ms)[0m  [1m[34mSELECT pg_advisory_unlock(8546372934869750190)[0m
  [1m[35m (0.5ms)[0m  [1m[34mSELECT "schema_migrations"."version" FROM "schema_migrations" ORDER BY "schema_migrations"."version" ASC[0m
Started GET "/houses" for ::1 at 2020-01-23 14:47:40 -0500
  [1m[35m (1.5ms)[0m  [1m[34mSELECT "schema_migrations"."version" FROM "schema_migrations" ORDER BY "schema_migrations"."version" ASC[0m
Processing by HousesController#index as HTML
  Rendering houses/index.html.erb within layouts/application
  [1m[36mHouse Load (1.3ms)[0m  [1m[34mSELECT "houses".* FROM "houses"[0m
  Rendered houses/index.html.erb within layouts/application (6.9ms)
Completed 200 OK in 553ms (Views: 540.1ms | ActiveRecord: 4.4ms)


Started GET "/houses/new" for ::1 at 2020-01-23 14:47:47 -0500
Processing by HousesController#new as HTML
  Rendering houses/new.html.erb within layouts/application
  Rendered houses/new.html.erb within layouts/application (26.4ms)
Completed 200 OK in 62ms (Views: 40.1ms | ActiveRecord: 8.5ms)


Started POST "/houses" for ::1 at 2020-01-23 14:47:54 -0500
Processing by HousesController#create as HTML
  Parameters: {"utf8"=>"✓", "authenticity_token"=>"sXHabZeq6rKTqFWPZdLzQQdnir2oJ/lfz4qa14S5GOz1fJ7Xb3fDm8/thmVrMGqcp+Lv4Esfafb/Lsk631SpyQ==", "house"=>{"name"=>"", "author"=>"", "source"=>"", "motto"=>""}, "commit"=>"Add House"}
  [1m[35m (0.3ms)[0m  [1m[35mBEGIN[0m
  [1m[35m (0.2ms)[0m  [1m[31mROLLBACK[0m
  Rendering houses/new.html.erb within layouts/application
  Rendered houses/new.html.erb within layouts/application (5.7ms)
Completed 200 OK in 23ms (Views: 16.9ms | ActiveRecord: 0.6ms)


Started POST "/houses" for ::1 at 2020-01-23 14:48:12 -0500
Processing by HousesController#create as HTML
  Parameters: {"utf8"=>"✓", "authenticity_token"=>"sXHabZeq6rKTqFWPZdLzQQdnir2oJ/lfz4qa14S5GOz1fJ7Xb3fDm8/thmVrMGqcp+Lv4Esfafb/Lsk631SpyQ==", "house"=>{"name"=>"", "author"=>"", "source"=>"", "motto"=>""}, "commit"=>"Add House"}
  [1m[35m (0.3ms)[0m  [1m[35mBEGIN[0m
  [1m[35m (0.3ms)[0m  [1m[31mROLLBACK[0m
  Rendering houses/new.html.erb within layouts/application
  Rendered houses/new.html.erb within layouts/application (4.5ms)
Completed 200 OK in 32ms (Views: 23.0ms | ActiveRecord: 0.6ms)


Started GET "/houses" for ::1 at 2020-01-23 14:48:26 -0500
Processing by HousesController#index as HTML
  Rendering houses/index.html.erb within layouts/application
  [1m[36mHouse Load (0.6ms)[0m  [1m[34mSELECT "houses".* FROM "houses"[0m
  Rendered houses/index.html.erb within layouts/application (2.5ms)
Completed 200 OK in 24ms (Views: 21.9ms | ActiveRecord: 0.6ms)


